# JRE version: Java(TM) SE Runtime Environment (8.0_151-b12) (build 1.8.0_151-b12)
# Java VM: Java HotSpot(TM) 64-Bit Server VM (25.151-b12 mixed mode windows-amd64 compressed oops)
Heap:
 PSYoungGen      total 71680K, used 22978K [0x00000000d5f00000, 0x00000000de900000, 0x0000000100000000)
  eden space 66560K, 26% used [0x00000000d5f00000,0x00000000d7070dd0,0x00000000da000000)
  from space 5120K, 99% used [0x00000000da000000,0x00000000da4ffc60,0x00000000da500000)
  to   space 13312K, 0% used [0x00000000ddc00000,0x00000000ddc00000,0x00000000de900000)
 ParOldGen       total 52224K, used 12565K [0x0000000081c00000, 0x0000000084f00000, 0x00000000d5f00000)
  object space 52224K, 24% used [0x0000000081c00000,0x0000000082845500,0x0000000084f00000)
 Metaspace       used 30704K, capacity 31816K, committed 32176K, reserved 1077248K
  class space    used 3913K, capacity 4166K, committed 4272K, reserved 1048576K
GC Heap History (10 events):
Event: 1.917 GC heap before
{Heap before GC invocations=2 (full 0):
 PSYoungGen      total 38400K, used 38383K [0x00000000d5f00000, 0x00000000d8980000, 0x0000000100000000)
  eden space 33280K, 100% used [0x00000000d5f00000,0x00000000d7f80000,0x00000000d7f80000)
  from space 5120K, 99% used [0x00000000d7f80000,0x00000000d847bf30,0x00000000d8480000)
  to   space 5120K, 0% used [0x00000000d8480000,0x00000000d8480000,0x00000000d8980000)
 ParOldGen       total 87552K, used 730K [0x0000000081c00000, 0x0000000087180000, 0x00000000d5f00000)
  object space 87552K, 0% used [0x0000000081c00000,0x0000000081cb6b08,0x0000000087180000)
 Metaspace       used 15336K, capacity 15864K, committed 16000K, reserved 1062912K
  class space    used 1993K, capacity 2144K, committed 2176K, reserved 1048576K
Event: 1.927 GC heap after
Heap after GC invocations=2 (full 0):
 PSYoungGen      total 38400K, used 5095K [0x00000000d5f00000, 0x00000000d8980000, 0x0000000100000000)
  eden space 33280K, 0% used [0x00000000d5f00000,0x00000000d5f00000,0x00000000d7f80000)
  from space 5120K, 99% used [0x00000000d8480000,0x00000000d8979ea8,0x00000000d8980000)
  to   space 5120K, 0% used [0x00000000d7f80000,0x00000000d7f80000,0x00000000d8480000)
 ParOldGen       total 87552K, used 3168K [0x0000000081c00000, 0x0000000087180000, 0x00000000d5f00000)
  object space 87552K, 3% used [0x0000000081c00000,0x0000000081f18188,0x0000000087180000)
 Metaspace       used 15336K, capacity 15864K, committed 16000K, reserved 1062912K
  class space    used 1993K, capacity 2144K, committed 2176K, reserved 1048576K
}
Event: 2.526 GC heap before
{Heap before GC invocations=3 (full 0):
 PSYoungGen      total 38400K, used 38375K [0x00000000d5f00000, 0x00000000d8980000, 0x0000000100000000)
  eden space 33280K, 100% used [0x00000000d5f00000,0x00000000d7f80000,0x00000000d7f80000)
  from space 5120K, 99% used [0x00000000d8480000,0x00000000d8979ea8,0x00000000d8980000)
  to   space 5120K, 0% used [0x00000000d7f80000,0x00000000d7f80000,0x00000000d8480000)
 ParOldGen       total 87552K, used 3168K [0x0000000081c00000, 0x0000000087180000, 0x00000000d5f00000)
  object space 87552K, 3% used [0x0000000081c00000,0x0000000081f18188,0x0000000087180000)
 Metaspace       used 20587K, capacity 21114K, committed 21296K, reserved 1067008K
  class space    used 2658K, capacity 2821K, committed 2864K, reserved 1048576K
Event: 2.534 GC heap after
Heap after GC invocations=3 (full 0):
 PSYoungGen      total 38400K, used 5105K [0x00000000d5f00000, 0x00000000daa00000, 0x0000000100000000)
  eden space 33280K, 0% used [0x00000000d5f00000,0x00000000d5f00000,0x00000000d7f80000)
  from space 5120K, 99% used [0x00000000d7f80000,0x00000000d847c418,0x00000000d8480000)
  to   space 5120K, 0% used [0x00000000da500000,0x00000000da500000,0x00000000daa00000)
 ParOldGen       total 87552K, used 7478K [0x0000000081c00000, 0x0000000087180000, 0x00000000d5f00000)
  object space 87552K, 8% used [0x0000000081c00000,0x000000008234db70,0x0000000087180000)
 Metaspace       used 20587K, capacity 21114K, committed 21296K, reserved 1067008K
  class space    used 2658K, capacity 2821K, committed 2864K, reserved 1048576K
}
Event: 2.578 GC heap before
{Heap before GC invocations=4 (full 0):
 PSYoungGen      total 38400K, used 7249K [0x00000000d5f00000, 0x00000000daa00000, 0x0000000100000000)
  eden space 33280K, 6% used [0x00000000d5f00000,0x00000000d61182b0,0x00000000d7f80000)
  from space 5120K, 99% used [0x00000000d7f80000,0x00000000d847c418,0x00000000d8480000)
  to   space 5120K, 0% used [0x00000000da500000,0x00000000da500000,0x00000000daa00000)
 ParOldGen       total 87552K, used 7478K [0x0000000081c00000, 0x0000000087180000, 0x00000000d5f00000)
  object space 87552K, 8% used [0x0000000081c00000,0x000000008234db70,0x0000000087180000)
 Metaspace       used 20785K, capacity 21254K, committed 21296K, reserved 1067008K
  class space    used 2684K, capacity 2823K, committed 2864K, reserved 1048576K
Event: 2.586 GC heap after
Heap after GC invocations=4 (full 0):
 PSYoungGen      total 71680K, used 5105K [0x00000000d5f00000, 0x00000000daa00000, 0x0000000100000000)
  eden space 66560K, 0% used [0x00000000d5f00000,0x00000000d5f00000,0x00000000da000000)
  from space 5120K, 99% used [0x00000000da500000,0x00000000da9fc710,0x00000000daa00000)
  to   space 5120K, 0% used [0x00000000da000000,0x00000000da000000,0x00000000da500000)
 ParOldGen       total 87552K, used 7486K [0x0000000081c00000, 0x0000000087180000, 0x00000000d5f00000)
  object space 87552K, 8% used [0x0000000081c00000,0x000000008234fb70,0x0000000087180000)
 Metaspace       used 20785K, capacity 21254K, committed 21296K, reserved 1067008K
  class space    used 2684K, capacity 2823K, committed 2864K, reserved 1048576K
}
Event: 2.586 GC heap before
{Heap before GC invocations=5 (full 1):
 PSYoungGen      total 71680K, used 5105K [0x00000000d5f00000, 0x00000000daa00000, 0x0000000100000000)
  eden space 66560K, 0% used [0x00000000d5f00000,0x00000000d5f00000,0x00000000da000000)
  from space 5120K, 99% used [0x00000000da500000,0x00000000da9fc710,0x00000000daa00000)
  to   space 5120K, 0% used [0x00000000da000000,0x00000000da000000,0x00000000da500000)
 ParOldGen       total 87552K, used 7486K [0x0000000081c00000, 0x0000000087180000, 0x00000000d5f00000)
  object space 87552K, 8% used [0x0000000081c00000,0x000000008234fb70,0x0000000087180000)
 Metaspace       used 20785K, capacity 21254K, committed 21296K, reserved 1067008K
  class space    used 2684K, capacity 2823K, committed 2864K, reserved 1048576K
Event: 2.620 GC heap after
Heap after GC invocations=5 (full 1):
 PSYoungGen      total 71680K, used 0K [0x00000000d5f00000, 0x00000000daa00000, 0x0000000100000000)
  eden space 66560K, 0% used [0x00000000d5f00000,0x00000000d5f00000,0x00000000da000000)
  from space 5120K, 0% used [0x00000000da500000,0x00000000da500000,0x00000000daa00000)
  to   space 5120K, 0% used [0x00000000da000000,0x00000000da000000,0x00000000da500000)
 ParOldGen       total 52224K, used 5505K [0x0000000081c00000, 0x0000000084f00000, 0x00000000d5f00000)
  object space 52224K, 10% used [0x0000000081c00000,0x00000000821606e8,0x0000000084f00000)
 Metaspace       used 20784K, capacity 21248K, committed 21296K, reserved 1067008K
  class space    used 2683K, capacity 2822K, committed 2864K, reserved 1048576K
}
Event: 7.919 GC heap before
{Heap before GC invocations=6 (full 1):
 PSYoungGen      total 71680K, used 66560K [0x00000000d5f00000, 0x00000000daa00000, 0x0000000100000000)
  eden space 66560K, 100% used [0x00000000d5f00000,0x00000000da000000,0x00000000da000000)
  from space 5120K, 0% used [0x00000000da500000,0x00000000da500000,0x00000000daa00000)
  to   space 5120K, 0% used [0x00000000da000000,0x00000000da000000,0x00000000da500000)
 ParOldGen       total 52224K, used 5505K [0x0000000081c00000, 0x0000000084f00000, 0x00000000d5f00000)
  object space 52224K, 10% used [0x0000000081c00000,0x00000000821606e8,0x0000000084f00000)
 Metaspace       used 28956K, capacity 30046K, committed 30384K, reserved 1075200K
  class space    used 3727K, capacity 3965K, committed 4016K, reserved 1048576K
Event: 7.937 GC heap after
Heap after GC invocations=6 (full 1):
 PSYoungGen      total 71680K, used 5119K [0x00000000d5f00000, 0x00000000de900000, 0x0000000100000000)
  eden space 66560K, 0% used [0x00000000d5f00000,0x00000000d5f00000,0x00000000da000000)
  from space 5120K, 99% used [0x00000000da000000,0x00000000da4ffc60,0x00000000da500000)
  to   space 13312K, 0% used [0x00000000ddc00000,0x00000000ddc00000,0x00000000de900000)
 ParOldGen       total 52224K, used 12565K [0x0000000081c00000, 0x0000000084f00000, 0x00000000d5f00000)
  object space 52224K, 24% used [0x0000000081c00000,0x0000000082845500,0x0000000084f00000)
 Metaspace       used 28956K, capacity 30046K, committed 30384K, reserved 1075200K
  class space    used 3727K, capacity 3965K, committed 4016K, reserved 1048576K
}

